[debug] [2022-06-13T19:36:57.093Z] ----------------------------------------------------------------------
[debug] [2022-06-13T19:36:57.095Z] Command:       D:\nodejs\node.exe C:\Users\89008\AppData\Roaming\npm\node_modules\firebase-tools\lib\bin\firebase.js init
[debug] [2022-06-13T19:36:57.095Z] CLI Version:   11.0.1
[debug] [2022-06-13T19:36:57.095Z] Platform:      win32
[debug] [2022-06-13T19:36:57.095Z] Node Version:  v16.15.0
[debug] [2022-06-13T19:36:57.096Z] Time:          Mon Jun 13 2022 22:36:57 GMT+0300 (Moscow Standard Time)
[debug] [2022-06-13T19:36:57.096Z] ----------------------------------------------------------------------
[debug] 
[debug] [2022-06-13T19:36:57.102Z] > command requires scopes: ["email","openid","https://www.googleapis.com/auth/cloudplatformprojects.readonly","https://www.googleapis.com/auth/firebase","https://www.googleapis.com/auth/cloud-platform"]
[debug] [2022-06-13T19:36:57.102Z] > authorizing via signed-in user (8900800700a@gmail.com)
[info] 
     ######## #### ########  ######## ########     ###     ######  ########
     ##        ##  ##     ## ##       ##     ##  ##   ##  ##       ##
     ######    ##  ########  ######   ########  #########  ######  ######
     ##        ##  ##    ##  ##       ##     ## ##     ##       ## ##
     ##       #### ##     ## ######## ########  ##     ##  ######  ########

You're about to initialize a Firebase project in this directory:

  D:\Git\portfolio

[info] 
=== Project Setup
[info] 
[info] First, let's associate this project directory with a Firebase project.
[info] You can create multiple project aliases by running firebase use --add, 
[info] but for now we'll just set up a default project.
[info] 
